#
# A fatal error has been detected by the Java Runtime Environment:
#
#  SIGBUS (0xa) at pc=0x00000001019e30b7, pid=16478, tid=25359
#
# JRE version: Java(TM) SE Runtime Environment (7.0_60-b19) (build 1.7.0_60-b19)
# Java VM: Java HotSpot(TM) 64-Bit Server VM (24.60-b09 mixed mode bsd-amd64 compressed oops)
# Problematic frame:
# C  [libzip.dylib+0x30b7]  newEntry+0x154
#
# Failed to write core dump. Core dumps have been disabled. To enable core dumping, try "ulimit -c unlimited" before starting Java again
#
# If you would like to submit a bug report, please visit:
#   http://bugreport.sun.com/bugreport/crash.jsp
# The crash happened outside the Java Virtual Machine in native code.
# See problematic frame for where to report the bug.
#

---------------  T H R E A D  ---------------

Current thread (0x00007f94a9ac5000):  JavaThread "Thread-13" [_thread_in_native, id=25359, stack(0x000000010fc35000,0x000000010fd35000)]

siginfo:si_signo=SIGBUS: si_errno=0, si_code=2 (BUS_ADRERR), si_addr=0x000000010e4b900b

Registers:
RAX=0x00007f94a961c430, RBX=0x000000010e4b8fff, RCX=0x0000000000000001, RDX=0x0000000000000b08
RSP=0x000000010fd32780, RBP=0x000000010fd327e0, RSI=0x00007f94ab900000, RDI=0x000000010179ca00
R8 =0x0000000000000004, R9 =0x00000000fc000000, R10=0x0000000079dd8203, R11=0x00007f94ab900000
R12=0x000000000001e560, R13=0x000000010e3b8000, R14=0x00007f94a961c430, R15=0x00007f94ab8468b0
RIP=0x00000001019e30b7, EFLAGS=0x0000000000010206, ERR=0x0000000000000004
  TRAPNO=0x000000000000000e

Top of Stack: (sp=0x000000010fd32780)
0x000000010fd32780:   0000000000000000 0000000000000000
0x000000010fd32790:   0000000000000000 0000000000000000
0x000000010fd327a0:   000000010fd327c0 00007f94a961c430
0x000000010fd327b0:   00007f94ab9b6550 000000009ac6435b
0x000000010fd327c0:   000000000001e560 000000010e3b8000
0x000000010fd327d0:   00007f94a961c430 00007f94ab8468b0
0x000000010fd327e0:   000000010fd32830 00000001019e3725
0x000000010fd327f0:   000000000000002b 0000002ba9ac5000
0x000000010fd32800:   000000010fd3284e 000000010fd32c98
0x000000010fd32810:   000000000000002b 000000010fd3284e
0x000000010fd32820:   00007f94a961c430 00007f94a9ac51e8
0x000000010fd32830:   000000010fd32c80 00000001019e2570
0x000000010fd32840:   000000010fd32c90 726f000000000001
0x000000010fd32850:   7370696c63652f67 2f797474656a2f65
0x000000010fd32860:   7475462f6c697475 626c6c6143657275
0x000000010fd32870:   73616c632e6b6361 00000000ffff0073
0x000000010fd32880:   0000000100000000 000000010fd33300
0x000000010fd32890:   000000007bcf51a0 0000000100000000
0x000000010fd328a0:   000000000fd333d0 0000000000000001
0x000000010fd328b0:   0000000000000000 00007fff8bad408d
0x000000010fd328c0:   000000010fd32c90 000000010fd328d8
0x000000010fd328d0:   0000000000000000 0000000102759cbd
0x000000010fd328e0:   0000000000000001 000000010fd32abc
0x000000010fd328f0:   0000000000000004 000000010fd32ab7
0x000000010fd32900:   0000000000000009 0000000000000000
0x000000010fd32910:   000000010fd32970 00007fff8bac9d5d
0x000000010fd32920:   0000000000000000 000000010fd32b08
0x000000010fd32930:   0000000000000001 000000010fd333d0
0x000000010fd32940:   000000010fd32ae8 000000010fd33300
0x000000010fd32950:   0000000000000000 580000010fd32ae8
0x000000010fd32960:   000000010fd333d0 0000000000000001
0x000000010fd32970:   000000010fd32da0 00007fff8bad408d 

Instructions: (pc=0x00000001019e30b7)
0x00000001019e3097:   49 8b 7f 38 e8 9c 1a 00 00 4d 89 77 38 49 89 5f
0x00000001019e30a7:   40 4c 89 f0 48 85 c0 0f 84 16 05 00 00 48 89 c3
0x00000001019e30b7:   0f b6 43 0c 0f b6 4b 0d 48 c1 e1 08 48 01 c1 0f
0x00000001019e30c7:   b6 43 0e 0f b6 53 0f 48 c1 e2 08 48 01 c2 48 c1 

Register to memory mapping:

RAX=0x00007f94a961c430 is an unknown value
RBX=0x000000010e4b8fff is an unknown value
RCX=0x0000000000000001 is an unknown value
RDX=0x0000000000000b08 is an unknown value
RSP=0x000000010fd32780 is pointing into the stack for thread: 0x00007f94a9ac5000
RBP=0x000000010fd327e0 is pointing into the stack for thread: 0x00007f94a9ac5000
RSI=0x00007f94ab900000 is an unknown value
RDI=0x000000010179ca00 is an unknown value
R8 =0x0000000000000004 is an unknown value
R9 =0x00000000fc000000 is an unknown value
R10=0x0000000079dd8203 is an unknown value
R11=0x00007f94ab900000 is an unknown value
R12=0x000000000001e560 is an unknown value
R13=0x000000010e3b8000 is an unknown value
R14=0x00007f94a961c430 is an unknown value
R15=0x00007f94ab8468b0 is an unknown value


Stack: [0x000000010fc35000,0x000000010fd35000],  sp=0x000000010fd32780,  free space=1013k
Native frames: (J=compiled Java code, j=interpreted, Vv=VM code, C=native code)
C  [libzip.dylib+0x30b7]  newEntry+0x154
C  [libzip.dylib+0x3725]  ZIP_GetEntry+0xa2
C  [libzip.dylib+0x2570]  Java_java_util_zip_ZipFile_getEntry+0xdd
J 43  java.util.zip.ZipFile.getEntry(J[BZ)J (0 bytes) @ 0x0000000102d10dce [0x0000000102d10d00+0xce]

Java frames: (J=compiled Java code, j=interpreted, Vv=VM code)
J 43  java.util.zip.ZipFile.getEntry(J[BZ)J (0 bytes) @ 0x0000000102d10d58 [0x0000000102d10d00+0x58]
J 160 C2 sun.misc.URLClassPath$JarLoader.getResource(Ljava/lang/String;Z)Lsun/misc/Resource; (91 bytes) @ 0x0000000102d52204 [0x0000000102d51e60+0x3a4]
J 175 C2 sun.misc.URLClassPath.getResource(Ljava/lang/String;Z)Lsun/misc/Resource; (74 bytes) @ 0x0000000102d5b670 [0x0000000102d5b600+0x70]
j  java.net.URLClassLoader$1.run()Ljava/lang/Class;+26
j  java.net.URLClassLoader$1.run()Ljava/lang/Object;+1
v  ~StubRoutines::call_stub
j  java.security.AccessController.doPrivileged(Ljava/security/PrivilegedExceptionAction;Ljava/security/AccessControlContext;)Ljava/lang/Object;+0
j  java.net.URLClassLoader.findClass(Ljava/lang/String;)Ljava/lang/Class;+13
J 269 C2 java.lang.ClassLoader.loadClass(Ljava/lang/String;Z)Ljava/lang/Class; (122 bytes) @ 0x0000000102da1208 [0x0000000102da0840+0x9c8]
j  sun.misc.Launcher$AppClassLoader.loadClass(Ljava/lang/String;Z)Ljava/lang/Class;+36
j  java.lang.ClassLoader.loadClass(Ljava/lang/String;)Ljava/lang/Class;+3
v  ~StubRoutines::call_stub
j  org.eclipse.jetty.server.AbstractConnector.shutdown()Ljava/util/concurrent/Future;+0
j  org.eclipse.jetty.server.AbstractNetworkConnector.shutdown()Ljava/util/concurrent/Future;+5
j  org.eclipse.jetty.server.ServerConnector.shutdown()Ljava/util/concurrent/Future;+1
j  org.eclipse.jetty.server.Server.doStop()V+60
j  org.eclipse.jetty.util.component.AbstractLifeCycle.stop()V+30
j  org.eclipse.jetty.util.thread.ShutdownThread.run()V+41
v  ~StubRoutines::call_stub

---------------  P R O C E S S  ---------------

Java Threads: ( => current thread )
=>0x00007f94a9ac5000 JavaThread "Thread-13" [_thread_in_native, id=25359, stack(0x000000010fc35000,0x000000010fd35000)]
  0x00007f94a9816000 JavaThread "SIGINT handler" daemon [_thread_blocked, id=29207, stack(0x000000010f41d000,0x000000010f51d000)]
  0x00007f94ab0e7800 JavaThread "dw-admin-48" [_thread_blocked, id=12055, stack(0x000000010fb32000,0x000000010fc32000)]
  0x00007f94aaaad000 JavaThread "dw-43" [_thread_blocked, id=20239, stack(0x000000010fd38000,0x000000010fe38000)]
  0x00007f94aa900000 JavaThread "dw-39" [_thread_blocked, id=24843, stack(0x000000010f31a000,0x000000010f41a000)]
  0x00007f94ab1de000 JavaThread "Scheduler-1368079543" [_thread_blocked, id=13063, stack(0x000000010c506000,0x000000010c606000)]
  0x00007f94a9b13800 JavaThread "DestroyJavaVM" [_thread_blocked, id=4867, stack(0x00000001018c7000,0x00000001019c7000)]
  0x00007f94aab0d800 JavaThread "dw-admin-28-acceptor-1-admin@63ed5b13{HTTP/1.1}{0.0.0.0:8081}" [_thread_blocked, id=28419, stack(0x000000010fa2f000,0x000000010fb2f000)]
  0x00007f94a996b000 JavaThread "dw-admin-27-acceptor-0-admin@63ed5b13{HTTP/1.1}{0.0.0.0:8081}" [_thread_in_native, id=27907, stack(0x000000010f92c000,0x000000010fa2c000)]
  0x00007f94aab3d000 JavaThread "dw-admin-26-selector-3" [_thread_in_native, id=27395, stack(0x000000010f829000,0x000000010f929000)]
  0x00007f94a996a000 JavaThread "dw-admin-25-selector-2" [_thread_in_native, id=26883, stack(0x000000010f726000,0x000000010f826000)]
  0x00007f94a9a59800 JavaThread "dw-admin-24-selector-1" [_thread_in_native, id=26371, stack(0x000000010f623000,0x000000010f723000)]
  0x00007f94aaacc800 JavaThread "dw-admin-23-selector-0" [_thread_in_native, id=25859, stack(0x000000010f520000,0x000000010f620000)]
  0x00007f94a98ce800 JavaThread "dw-18" [_thread_blocked, id=24323, stack(0x000000010f217000,0x000000010f317000)]
  0x00007f94a98ca000 JavaThread "dw-17" [_thread_blocked, id=23811, stack(0x000000010f114000,0x000000010f214000)]
  0x00007f94a9b63800 JavaThread "dw-16-selector-3" [_thread_in_native, id=23299, stack(0x000000010f011000,0x000000010f111000)]
  0x00007f94aa8ee000 JavaThread "dw-15-selector-2" [_thread_in_native, id=22787, stack(0x000000010ef0e000,0x000000010f00e000)]
  0x00007f94aaa5c800 JavaThread "dw-14-selector-1" [_thread_in_native, id=22275, stack(0x000000010ee0b000,0x000000010ef0b000)]
  0x00007f94ab150800 JavaThread "dw-13-selector-0" [_thread_in_native, id=21763, stack(0x000000010ed08000,0x000000010ee08000)]
  0x00007f94aaa63000 JavaThread "DateCache" daemon [_thread_blocked, id=21251, stack(0x000000010ec05000,0x000000010ed05000)]
  0x00007f94a9b54000 JavaThread "async-console-appender-2" [_thread_blocked, id=20999, stack(0x000000010e9e7000,0x000000010eae7000)]
  0x00007f94a99d8000 JavaThread "PoolCleaner[1254474542:1413834588248]" daemon [_thread_blocked, id=19203, stack(0x000000010e8e4000,0x000000010e9e4000)]
  0x00007f94aa95b800 JavaThread "async-console-appender-1" [_thread_blocked, id=18691, stack(0x000000010e6eb000,0x000000010e7eb000)]
  0x00007f94aa848800 JavaThread "Service Thread" daemon [_thread_blocked, id=17667, stack(0x000000010e00e000,0x000000010e10e000)]
  0x00007f94aa848000 JavaThread "C2 CompilerThread1" daemon [_thread_blocked, id=17155, stack(0x000000010df0b000,0x000000010e00b000)]
  0x00007f94aa846000 JavaThread "C2 CompilerThread0" daemon [_thread_blocked, id=16643, stack(0x000000010de08000,0x000000010df08000)]
  0x00007f94aa81a800 JavaThread "Signal Dispatcher" daemon [_thread_blocked, id=13335, stack(0x000000010dd05000,0x000000010de05000)]
  0x00007f94aa018800 JavaThread "Finalizer" daemon [_thread_blocked, id=11523, stack(0x000000010c3d2000,0x000000010c4d2000)]
  0x00007f94aa017800 JavaThread "Reference Handler" daemon [_thread_blocked, id=11011, stack(0x000000010c2cf000,0x000000010c3cf000)]

Other Threads:
  0x00007f94aa015000 VMThread [stack: 0x000000010c1cc000,0x000000010c2cc000] [id=10499]
  0x00007f94aa819000 WatcherThread [stack: 0x000000010e111000,0x000000010e211000] [id=18179]

VM state:not at safepoint (normal execution)

VM Mutex/Monitor currently owned by a thread: None

Heap
 PSYoungGen      total 72704K, used 32630K [0x00000007d5500000, 0x00000007da100000, 0x0000000800000000)
  eden space 67584K, 40% used [0x00000007d5500000,0x00000007d6fe4988,0x00000007d9700000)
  from space 5120K, 99% used [0x00000007d9c00000,0x00000007da0f9020,0x00000007da100000)
  to   space 5120K, 0% used [0x00000007d9700000,0x00000007d9700000,0x00000007d9c00000)
 ParOldGen       total 87040K, used 15251K [0x0000000780000000, 0x0000000785500000, 0x00000007d5500000)
  object space 87040K, 17% used [0x0000000780000000,0x0000000780ee4f90,0x0000000785500000)
 PSPermGen       total 32256K, used 32092K [0x000000077ae00000, 0x000000077cd80000, 0x0000000780000000)
  object space 32256K, 99% used [0x000000077ae00000,0x000000077cd57370,0x000000077cd80000)

Card table byte_map: [0x0000000105d4f000,0x0000000106179000] byte_map_base: 0x0000000102178000

Polling page: 0x00000001019d6000

Code Cache  [0x0000000102c8f000, 0x0000000102eff000, 0x0000000105c8f000)
 total_blobs=719 nmethods=304 adapters=368 free_code_cache=48063Kb largest_free_block=49188096

Compilation events (10 events):
Event: 382.800 Thread 0x00007f94aa846000  317  s          java.lang.StringBuffer::length (5 bytes)
Event: 382.801 Thread 0x00007f94aa846000 nmethod 317 0x0000000102d11990 code [0x0000000102d11ac0, 0x0000000102d11cd8]
Event: 465.800 Thread 0x00007f94aa848000  318             java.text.SimpleDateFormat::format (171 bytes)
Event: 465.808 Thread 0x00007f94aa848000 nmethod 318 0x0000000102da5410 code [0x0000000102da55c0, 0x0000000102da5d60]
Event: 517.799 Thread 0x00007f94aa846000  319             java.util.Calendar::internalGet (7 bytes)
Event: 517.800 Thread 0x00007f94aa846000 nmethod 319 0x0000000102d116d0 code [0x0000000102d11820, 0x0000000102d118b8]
Event: 524.801 Thread 0x00007f94aa848000  320             java.util.Calendar::complete (40 bytes)
Event: 524.802 Thread 0x00007f94aa848000 nmethod 320 0x0000000102d47dd0 code [0x0000000102d47f20, 0x0000000102d47ff8]
Event: 525.797 Thread 0x00007f94aa846000  321             java.util.Calendar::get (10 bytes)
Event: 525.799 Thread 0x00007f94aa846000 nmethod 321 0x0000000102d47a10 code [0x0000000102d47b60, 0x0000000102d47c78]

GC Heap History (8 events):
Event: 1.112 GC heap before
{Heap before GC invocations=1 (full 0):
 PSYoungGen      total 38912K, used 33792K [0x00000007d5500000, 0x00000007d8000000, 0x0000000800000000)
  eden space 33792K, 100% used [0x00000007d5500000,0x00000007d7600000,0x00000007d7600000)
  from space 5120K, 0% used [0x00000007d7b00000,0x00000007d7b00000,0x00000007d8000000)
  to   space 5120K, 0% used [0x00000007d7600000,0x00000007d7600000,0x00000007d7b00000)
 ParOldGen       total 87040K, used 0K [0x0000000780000000, 0x0000000785500000, 0x00000007d5500000)
  object space 87040K, 0% used [0x0000000780000000,0x0000000780000000,0x0000000785500000)
 PSPermGen       total 21504K, used 12853K [0x000000077ae00000, 0x000000077c300000, 0x0000000780000000)
  object space 21504K, 59% used [0x000000077ae00000,0x000000077ba8d4d0,0x000000077c300000)
Event: 1.123 GC heap after
Heap after GC invocations=1 (full 0):
 PSYoungGen      total 38912K, used 5094K [0x00000007d5500000, 0x00000007d8000000, 0x0000000800000000)
  eden space 33792K, 0% used [0x00000007d5500000,0x00000007d5500000,0x00000007d7600000)
  from space 5120K, 99% used [0x00000007d7600000,0x00000007d7af9b88,0x00000007d7b00000)
  to   space 5120K, 0% used [0x00000007d7b00000,0x00000007d7b00000,0x00000007d8000000)
 ParOldGen       total 87040K, used 2372K [0x0000000780000000, 0x0000000785500000, 0x00000007d5500000)
  object space 87040K, 2% used [0x0000000780000000,0x0000000780251280,0x0000000785500000)
 PSPermGen       total 21504K, used 12853K [0x000000077ae00000, 0x000000077c300000, 0x0000000780000000)
  object space 21504K, 59% used [0x000000077ae00000,0x000000077ba8d4d0,0x000000077c300000)
}
Event: 1.964 GC heap before
{Heap before GC invocations=2 (full 0):
 PSYoungGen      total 38912K, used 38886K [0x00000007d5500000, 0x00000007d8000000, 0x0000000800000000)
  eden space 33792K, 100% used [0x00000007d5500000,0x00000007d7600000,0x00000007d7600000)
  from space 5120K, 99% used [0x00000007d7600000,0x00000007d7af9b88,0x00000007d7b00000)
  to   space 5120K, 0% used [0x00000007d7b00000,0x00000007d7b00000,0x00000007d8000000)
 ParOldGen       total 87040K, used 2372K [0x0000000780000000, 0x0000000785500000, 0x00000007d5500000)
  object space 87040K, 2% used [0x0000000780000000,0x0000000780251280,0x0000000785500000)
 PSPermGen       total 21504K, used 18591K [0x000000077ae00000, 0x000000077c300000, 0x0000000780000000)
  object space 21504K, 86% used [0x000000077ae00000,0x000000077c027e60,0x000000077c300000)
Event: 1.980 GC heap after
Heap after GC invocations=2 (full 0):
 PSYoungGen      total 38912K, used 5098K [0x00000007d5500000, 0x00000007da100000, 0x0000000800000000)
  eden space 33792K, 0% used [0x00000007d5500000,0x00000007d5500000,0x00000007d7600000)
  from space 5120K, 99% used [0x00000007d7b00000,0x00000007d7ffaa20,0x00000007d8000000)
  to   space 5120K, 0% used [0x00000007d7600000,0x00000007d7600000,0x00000007d7b00000)
 ParOldGen       total 87040K, used 5536K [0x0000000780000000, 0x0000000785500000, 0x00000007d5500000)
  object space 87040K, 6% used [0x0000000780000000,0x0000000780568268,0x0000000785500000)
 PSPermGen       total 21504K, used 18591K [0x000000077ae00000, 0x000000077c300000, 0x0000000780000000)
  object space 21504K, 86% used [0x000000077ae00000,0x000000077c027e60,0x000000077c300000)
}
Event: 2.962 GC heap before
{Heap before GC invocations=3 (full 0):
 PSYoungGen      total 38912K, used 38888K [0x00000007d5500000, 0x00000007da100000, 0x0000000800000000)
  eden space 33792K, 99% used [0x00000007d5500000,0x00000007d75ff790,0x00000007d7600000)
  from space 5120K, 99% used [0x00000007d7b00000,0x00000007d7ffaa20,0x00000007d8000000)
  to   space 5120K, 0% used [0x00000007d7600000,0x00000007d7600000,0x00000007d7b00000)
 ParOldGen       total 87040K, used 5536K [0x0000000780000000, 0x0000000785500000, 0x00000007d5500000)
  object space 87040K, 6% used [0x0000000780000000,0x0000000780568268,0x0000000785500000)
 PSPermGen       total 26624K, used 26406K [0x000000077ae00000, 0x000000077c800000, 0x0000000780000000)
  object space 26624K, 99% used [0x000000077ae00000,0x000000077c7c9a90,0x000000077c800000)
Event: 2.975 GC heap after
Heap after GC invocations=3 (full 0):
 PSYoungGen      total 38912K, used 5108K [0x00000007d5500000, 0x00000007da100000, 0x0000000800000000)
  eden space 33792K, 0% used [0x00000007d5500000,0x00000007d5500000,0x00000007d7600000)
  from space 5120K, 99% used [0x00000007d7600000,0x00000007d7afd010,0x00000007d7b00000)
  to   space 5120K, 0% used [0x00000007d9c00000,0x00000007d9c00000,0x00000007da100000)
 ParOldGen       total 87040K, used 11103K [0x0000000780000000, 0x0000000785500000, 0x00000007d5500000)
  object space 87040K, 12% used [0x0000000780000000,0x0000000780ad7d58,0x0000000785500000)
 PSPermGen       total 26624K, used 26406K [0x000000077ae00000, 0x000000077c800000, 0x0000000780000000)
  object space 26624K, 99% used [0x000000077ae00000,0x000000077c7c9a90,0x000000077c800000)
}
Event: 3.617 GC heap before
{Heap before GC invocations=4 (full 0):
 PSYoungGen      total 38912K, used 38900K [0x00000007d5500000, 0x00000007da100000, 0x0000000800000000)
  eden space 33792K, 100% used [0x00000007d5500000,0x00000007d7600000,0x00000007d7600000)
  from space 5120K, 99% used [0x00000007d7600000,0x00000007d7afd010,0x00000007d7b00000)
  to   space 5120K, 0% used [0x00000007d9c00000,0x00000007d9c00000,0x00000007da100000)
 ParOldGen       total 87040K, used 11103K [0x0000000780000000, 0x0000000785500000, 0x00000007d5500000)
  object space 87040K, 12% used [0x0000000780000000,0x0000000780ad7d58,0x0000000785500000)
 PSPermGen       total 30208K, used 29739K [0x000000077ae00000, 0x000000077cb80000, 0x0000000780000000)
  object space 30208K, 98% used [0x000000077ae00000,0x000000077cb0aef8,0x000000077cb80000)
Event: 3.633 GC heap after
Heap after GC invocations=4 (full 0):
 PSYoungGen      total 72704K, used 5092K [0x00000007d5500000, 0x00000007da100000, 0x0000000800000000)
  eden space 67584K, 0% used [0x00000007d5500000,0x00000007d5500000,0x00000007d9700000)
  from space 5120K, 99% used [0x00000007d9c00000,0x00000007da0f9020,0x00000007da100000)
  to   space 5120K, 0% used [0x00000007d9700000,0x00000007d9700000,0x00000007d9c00000)
 ParOldGen       total 87040K, used 15251K [0x0000000780000000, 0x0000000785500000, 0x00000007d5500000)
  object space 87040K, 17% used [0x0000000780000000,0x0000000780ee4f90,0x0000000785500000)
 PSPermGen       total 30208K, used 29739K [0x000000077ae00000, 0x000000077cb80000, 0x0000000780000000)
  object space 30208K, 98% used [0x000000077ae00000,0x000000077cb0aef8,0x000000077cb80000)
}

Deoptimization events (10 events):
Event: 3.059 Thread 0x00007f94aa006000 Uncommon trap: reason=bimorphic action=maybe_recompile pc=0x0000000102d25c10 method=java.util.regex.Matcher.search(I)Z @ 86
Event: 3.059 Thread 0x00007f94aa006000 Uncommon trap: reason=bimorphic action=maybe_recompile pc=0x0000000102d25c10 method=java.util.regex.Matcher.search(I)Z @ 86
Event: 3.286 Thread 0x00007f94aa006000 Uncommon trap: reason=unreached action=reinterpret pc=0x0000000102d50460 method=java.lang.Class.searchMethods([Ljava/lang/reflect/Method;Ljava/lang/String;[Ljava/lang/Class;)Ljava/lang/reflect/Method; @ 47
Event: 3.414 Thread 0x00007f94aa006000 Uncommon trap: reason=unreached action=reinterpret pc=0x0000000102cf4948 method=java.lang.reflect.Method.equals(Ljava/lang/Object;)Z @ 49
Event: 3.415 Thread 0x00007f94aa006000 Uncommon trap: reason=unreached action=reinterpret pc=0x0000000102d3402c method=java.lang.reflect.Method.equals(Ljava/lang/Object;)Z @ 49
Event: 3.541 Thread 0x00007f94aa006000 Uncommon trap: reason=null_check action=make_not_entrant pc=0x0000000102d86b4c method=sun.reflect.Reflection.filterMethods(Ljava/lang/Class;[Ljava/lang/reflect/Method;)[Ljava/lang/reflect/Method; @ 18
Event: 14.303 Thread 0x00007f94aa8ee000 Uncommon trap: reason=null_check action=make_not_entrant pc=0x0000000102d91ce8 method=sun.reflect.Reflection.filterMethods(Ljava/lang/Class;[Ljava/lang/reflect/Method;)[Ljava/lang/reflect/Method; @ 18
Event: 14.629 Thread 0x00007f94a9a2e000 Uncommon trap: reason=class_check action=maybe_recompile pc=0x0000000102da1844 method=java.lang.ClassLoader.loadClass(Ljava/lang/String;Z)Ljava/lang/Class; @ 38
Event: 314.800 Thread 0x00007f94aaa63000 Uncommon trap: reason=range_check action=make_not_entrant pc=0x0000000102d4872c method=java.text.SimpleDateFormat.format(Ljava/util/Date;Ljava/lang/StringBuffer;Ljava/text/Format$FieldDelegate;)Ljava/lang/StringBuffer; @ 48
Event: 381.971 Thread 0x00007f94aa006000 Uncommon trap: reason=unreached action=reinterpret pc=0x0000000102d9efb8 method=java.util.concurrent.locks.AbstractQueuedSynchronizer$ConditionObject.unlinkCancelledWaiters()V @ 31

Internal exceptions (10 events):
Event: 14.669 Thread 0x00007f94a9a2e000 Threw 0x00000007d65e42b0 at /HUDSON/workspace/7u-2-build-macosx-x86_64/jdk7u60/1081/hotspot/src/share/vm/prims/jvm.cpp:1244
Event: 14.669 Thread 0x00007f94a9a2e000 Threw 0x00000007d65e7510 at /HUDSON/workspace/7u-2-build-macosx-x86_64/jdk7u60/1081/hotspot/src/share/vm/prims/jvm.cpp:1244
Event: 14.669 Thread 0x00007f94a9a2e000 Threw 0x00000007d65ea518 at /HUDSON/workspace/7u-2-build-macosx-x86_64/jdk7u60/1081/hotspot/src/share/vm/prims/jvm.cpp:1244
Event: 14.669 Thread 0x00007f94a9a2e000 Threw 0x00000007d65ed900 at /HUDSON/workspace/7u-2-build-macosx-x86_64/jdk7u60/1081/hotspot/src/share/vm/prims/jvm.cpp:1244
Event: 44.671 Thread 0x00007f94ab1de000 Threw 0x00000007d67adaa0 at /HUDSON/workspace/7u-2-build-macosx-x86_64/jdk7u60/1081/hotspot/src/share/vm/prims/jvm.cpp:1244
Event: 44.672 Thread 0x00007f94ab1de000 Threw 0x00000007d67b0ed8 at /HUDSON/workspace/7u-2-build-macosx-x86_64/jdk7u60/1081/hotspot/src/share/vm/prims/jvm.cpp:1244
Event: 92.716 Thread 0x00007f94aa878800 Threw 0x00000007d67078c8 at /HUDSON/workspace/7u-2-build-macosx-x86_64/jdk7u60/1081/hotspot/src/share/vm/prims/jvm.cpp:1244
Event: 298.570 Thread 0x00007f94aa006000 Threw 0x00000007d6a46940 at /HUDSON/workspace/7u-2-build-macosx-x86_64/jdk7u60/1081/hotspot/src/share/vm/prims/jvm.cpp:1244
Event: 580.920 Thread 0x00007f94a98ce800 Threw 0x00000007d5501fe8 at /HUDSON/workspace/7u-2-build-macosx-x86_64/jdk7u60/1081/hotspot/src/share/vm/prims/jni.cpp:717
Event: 580.921 Thread 0x00007f94a9ac5000 Threw 0x00000007d6f3d1f0 at /HUDSON/workspace/7u-2-build-macosx-x86_64/jdk7u60/1081/hotspot/src/share/vm/prims/jvm.cpp:1244

Events (10 events):
Event: 580.920 loading class 0x00007f94ab0aca60
Event: 580.920 loading class 0x00007f94ab0aca90
Event: 580.920 loading class 0x00007f94ab0aca90 done
Event: 580.920 loading class 0x00007f94ab0aca60 done
Event: 580.920 Thread 0x00007f94a9ac5000 Thread added: 0x00007f94a9ac5000
Event: 580.920 Thread 0x00007f94aa878800 Thread added: 0x00007f94aa878800
Event: 580.920 loading class 0x00007f94a98f31b0
Event: 580.921 Thread 0x00007f94aa878800 Thread exited: 0x00007f94aa878800
Event: 580.921 loading class 0x00007f94a96e6030
Event: 580.921 loading class 0x00007f94a96e6030 done


Dynamic libraries:
0x0000000000cd9000 	/System/Library/Frameworks/Cocoa.framework/Versions/A/Cocoa
0x0000000000cd9000 	/System/Library/Frameworks/Security.framework/Versions/A/Security
0x0000000000cd9000 	/System/Library/Frameworks/ApplicationServices.framework/Versions/A/ApplicationServices
0x0000000000cd9000 	/usr/lib/libz.1.dylib
0x0000000000cd9000 	/usr/lib/libSystem.B.dylib
0x0000000000cd9000 	/usr/lib/libobjc.A.dylib
0x0000000000cd9000 	/System/Library/Frameworks/CoreFoundation.framework/Versions/A/CoreFoundation
0x0000000000cd9000 	/System/Library/Frameworks/Foundation.framework/Versions/C/Foundation
0x0000000000cd9000 	/System/Library/Frameworks/AppKit.framework/Versions/C/AppKit
0x0000000000cd9000 	/System/Library/Frameworks/CoreData.framework/Versions/A/CoreData
0x0000000000cd9000 	/System/Library/PrivateFrameworks/RemoteViewServices.framework/Versions/A/RemoteViewServices
0x0000000000cd9000 	/System/Library/PrivateFrameworks/UIFoundation.framework/Versions/A/UIFoundation
0x0000000000cd9000 	/System/Library/Frameworks/IOSurface.framework/Versions/A/IOSurface
0x0000000000cd9000 	/System/Library/Frameworks/AudioToolbox.framework/Versions/A/AudioToolbox
0x0000000000cd9000 	/System/Library/Frameworks/AudioUnit.framework/Versions/A/AudioUnit
0x0000000000cd9000 	/System/Library/PrivateFrameworks/DataDetectorsCore.framework/Versions/A/DataDetectorsCore
0x0000000000cd9000 	/System/Library/PrivateFrameworks/DesktopServicesPriv.framework/Versions/A/DesktopServicesPriv
0x0000000000cd9000 	/System/Library/Frameworks/Carbon.framework/Versions/A/Frameworks/HIToolbox.framework/Versions/A/HIToolbox
0x0000000000cd9000 	/System/Library/Frameworks/QuartzCore.framework/Versions/A/QuartzCore
0x0000000000cd9000 	/System/Library/Frameworks/Carbon.framework/Versions/A/Frameworks/SpeechRecognition.framework/Versions/A/SpeechRecognition
0x0000000000cd9000 	/usr/lib/libauto.dylib
0x0000000000cd9000 	/usr/lib/libicucore.A.dylib
0x0000000000cd9000 	/usr/lib/libxml2.2.dylib
0x0000000000cd9000 	/System/Library/PrivateFrameworks/CoreUI.framework/Versions/A/CoreUI
0x0000000000cd9000 	/System/Library/Frameworks/CoreAudio.framework/Versions/A/CoreAudio
0x0000000000cd9000 	/System/Library/Frameworks/DiskArbitration.framework/Versions/A/DiskArbitration
0x0000000000cd9000 	/usr/lib/liblangid.dylib
0x0000000000cd9000 	/System/Library/PrivateFrameworks/MultitouchSupport.framework/Versions/A/MultitouchSupport
0x0000000000cd9000 	/System/Library/Frameworks/IOKit.framework/Versions/A/IOKit
0x0000000000cd9000 	/usr/lib/libDiagnosticMessagesClient.dylib
0x0000000000cd9000 	/System/Library/Frameworks/CoreServices.framework/Versions/A/CoreServices
0x0000000000cd9000 	/System/Library/PrivateFrameworks/PerformanceAnalysis.framework/Versions/A/PerformanceAnalysis
0x0000000000cd9000 	/System/Library/PrivateFrameworks/GenerationalStorage.framework/Versions/A/GenerationalStorage
0x0000000000cd9000 	/System/Library/Frameworks/OpenGL.framework/Versions/A/OpenGL
0x0000000000cd9000 	/System/Library/PrivateFrameworks/Sharing.framework/Versions/A/Sharing
0x0000000000cd9000 	/System/Library/Frameworks/CoreGraphics.framework/Versions/A/CoreGraphics
0x0000000000cd9000 	/System/Library/Frameworks/CoreText.framework/Versions/A/CoreText
0x0000000000cd9000 	/System/Library/Frameworks/ImageIO.framework/Versions/A/ImageIO
0x0000000000cd9000 	/usr/lib/libextension.dylib
0x0000000000cd9000 	/System/Library/PrivateFrameworks/Backup.framework/Versions/A/Backup
0x0000000000cd9000 	/usr/lib/libarchive.2.dylib
0x0000000000cd9000 	/System/Library/Frameworks/CFNetwork.framework/Versions/A/CFNetwork
0x0000000000cd9000 	/System/Library/Frameworks/SystemConfiguration.framework/Versions/A/SystemConfiguration
0x0000000000cd9000 	/usr/lib/libCRFSuite.dylib
0x0000000000cd9000 	/usr/lib/libc++.1.dylib
0x0000000000cd9000 	/usr/lib/libc++abi.dylib
0x0000000000cd9000 	/usr/lib/system/libcache.dylib
0x0000000000cd9000 	/usr/lib/system/libcommonCrypto.dylib
0x0000000000cd9000 	/usr/lib/system/libcompiler_rt.dylib
0x0000000000cd9000 	/usr/lib/system/libcopyfile.dylib
0x0000000000cd9000 	/usr/lib/system/libcorecrypto.dylib
0x0000000000cd9000 	/usr/lib/system/libdispatch.dylib
0x0000000000cd9000 	/usr/lib/system/libdyld.dylib
0x0000000000cd9000 	/usr/lib/system/libkeymgr.dylib
0x0000000000cd9000 	/usr/lib/system/liblaunch.dylib
0x0000000000cd9000 	/usr/lib/system/libmacho.dylib
0x0000000000cd9000 	/usr/lib/system/libquarantine.dylib
0x0000000000cd9000 	/usr/lib/system/libremovefile.dylib
0x0000000000cd9000 	/usr/lib/system/libsystem_asl.dylib
0x0000000000cd9000 	/usr/lib/system/libsystem_blocks.dylib
0x0000000000cd9000 	/usr/lib/system/libsystem_c.dylib
0x0000000000cd9000 	/usr/lib/system/libsystem_configuration.dylib
0x0000000000cd9000 	/usr/lib/system/libsystem_coreservices.dylib
0x0000000000cd9000 	/usr/lib/system/libsystem_coretls.dylib
0x0000000000cd9000 	/usr/lib/system/libsystem_dnssd.dylib
0x0000000000cd9000 	/usr/lib/system/libsystem_info.dylib
0x0000000000cd9000 	/usr/lib/system/libsystem_kernel.dylib
0x0000000000cd9000 	/usr/lib/system/libsystem_m.dylib
0x0000000000cd9000 	/usr/lib/system/libsystem_malloc.dylib
0x0000000000cd9000 	/usr/lib/system/libsystem_network.dylib
0x0000000000cd9000 	/usr/lib/system/libsystem_networkextension.dylib
0x0000000000cd9000 	/usr/lib/system/libsystem_notify.dylib
0x0000000000cd9000 	/usr/lib/system/libsystem_platform.dylib
0x0000000000cd9000 	/usr/lib/system/libsystem_pthread.dylib
0x0000000000cd9000 	/usr/lib/system/libsystem_sandbox.dylib
0x0000000000cd9000 	/usr/lib/system/libsystem_secinit.dylib
0x0000000000cd9000 	/usr/lib/system/libsystem_stats.dylib
0x0000000000cd9000 	/usr/lib/system/libsystem_trace.dylib
0x0000000000cd9000 	/usr/lib/system/libunc.dylib
0x0000000000cd9000 	/usr/lib/system/libunwind.dylib
0x0000000000cd9000 	/usr/lib/system/libxpc.dylib
0x0000000000cd9000 	/usr/lib/libbz2.1.0.dylib
0x0000000000cd9000 	/usr/lib/liblzma.5.dylib
0x0000000000cd9000 	/usr/lib/libbsm.0.dylib
0x0000000000cd9000 	/usr/lib/libsqlite3.dylib
0x0000000000cd9000 	/usr/lib/system/libkxld.dylib
0x0000000000cd9000 	/usr/lib/libxar.1.dylib
0x0000000000cd9000 	/usr/lib/libpam.2.dylib
0x0000000000cd9000 	/usr/lib/libOpenScriptingUtil.dylib
0x0000000000cd9000 	/System/Library/Frameworks/CoreServices.framework/Versions/A/Frameworks/FSEvents.framework/Versions/A/FSEvents
0x0000000000cd9000 	/System/Library/Frameworks/CoreServices.framework/Versions/A/Frameworks/CarbonCore.framework/Versions/A/CarbonCore
0x0000000000cd9000 	/System/Library/Frameworks/CoreServices.framework/Versions/A/Frameworks/Metadata.framework/Versions/A/Metadata
0x0000000000cd9000 	/System/Library/Frameworks/CoreServices.framework/Versions/A/Frameworks/OSServices.framework/Versions/A/OSServices
0x0000000000cd9000 	/System/Library/Frameworks/CoreServices.framework/Versions/A/Frameworks/SearchKit.framework/Versions/A/SearchKit
0x0000000000cd9000 	/System/Library/Frameworks/CoreServices.framework/Versions/A/Frameworks/AE.framework/Versions/A/AE
0x0000000000cd9000 	/System/Library/Frameworks/CoreServices.framework/Versions/A/Frameworks/LaunchServices.framework/Versions/A/LaunchServices
0x0000000000cd9000 	/System/Library/Frameworks/CoreServices.framework/Versions/A/Frameworks/DictionaryServices.framework/Versions/A/DictionaryServices
0x0000000000cd9000 	/System/Library/Frameworks/NetFS.framework/Versions/A/NetFS
0x0000000000cd9000 	/System/Library/PrivateFrameworks/NetAuth.framework/Versions/A/NetAuth
0x0000000000cd9000 	/System/Library/PrivateFrameworks/login.framework/Versions/A/Frameworks/loginsupport.framework/Versions/A/loginsupport
0x0000000000cd9000 	/System/Library/PrivateFrameworks/TCC.framework/Versions/A/TCC
0x0000000000cd9000 	/usr/lib/libmecabra.dylib
0x0000000000cd9000 	/System/Library/PrivateFrameworks/LanguageModeling.framework/Versions/A/LanguageModeling
0x0000000000cd9000 	/usr/lib/libcmph.dylib
0x0000000000cd9000 	/usr/lib/libiconv.2.dylib
0x0000000000cd9000 	/System/Library/Frameworks/OpenDirectory.framework/Versions/A/Frameworks/CFOpenDirectory.framework/Versions/A/CFOpenDirectory
0x0000000000cd9000 	/System/Library/Frameworks/ServiceManagement.framework/Versions/A/ServiceManagement
0x0000000000cd9000 	/usr/lib/libxslt.1.dylib
0x0000000000cd9000 	/System/Library/Frameworks/Carbon.framework/Versions/A/Frameworks/Ink.framework/Versions/A/Ink
0x0000000000cd9000 	/System/Library/Frameworks/ApplicationServices.framework/Versions/A/Frameworks/ATS.framework/Versions/A/ATS
0x0000000000cd9000 	/System/Library/Frameworks/ApplicationServices.framework/Versions/A/Frameworks/ColorSync.framework/Versions/A/ColorSync
0x0000000000cd9000 	/System/Library/Frameworks/ApplicationServices.framework/Versions/A/Frameworks/HIServices.framework/Versions/A/HIServices
0x0000000000cd9000 	/System/Library/Frameworks/ApplicationServices.framework/Versions/A/Frameworks/LangAnalysis.framework/Versions/A/LangAnalysis
0x0000000000cd9000 	/System/Library/Frameworks/ApplicationServices.framework/Versions/A/Frameworks/PrintCore.framework/Versions/A/PrintCore
0x0000000000cd9000 	/System/Library/Frameworks/ApplicationServices.framework/Versions/A/Frameworks/QD.framework/Versions/A/QD
0x0000000000cd9000 	/System/Library/Frameworks/ApplicationServices.framework/Versions/A/Frameworks/SpeechSynthesis.framework/Versions/A/SpeechSynthesis
0x0000000000cd9000 	/System/Library/Frameworks/Accelerate.framework/Versions/A/Accelerate
0x0000000000cd9000 	/System/Library/Frameworks/Accelerate.framework/Versions/A/Frameworks/vImage.framework/Versions/A/vImage
0x0000000000cd9000 	/System/Library/Frameworks/Accelerate.framework/Versions/A/Frameworks/vecLib.framework/Versions/A/vecLib
0x0000000000cd9000 	/System/Library/Frameworks/Accelerate.framework/Versions/A/Frameworks/vecLib.framework/Versions/A/libvDSP.dylib
0x0000000000cd9000 	/System/Library/Frameworks/Accelerate.framework/Versions/A/Frameworks/vecLib.framework/Versions/A/libvMisc.dylib
0x0000000000cd9000 	/System/Library/Frameworks/Accelerate.framework/Versions/A/Frameworks/vecLib.framework/Versions/A/libLAPACK.dylib
0x0000000000cd9000 	/System/Library/Frameworks/Accelerate.framework/Versions/A/Frameworks/vecLib.framework/Versions/A/libBLAS.dylib
0x0000000000cd9000 	/System/Library/Frameworks/Accelerate.framework/Versions/A/Frameworks/vecLib.framework/Versions/A/libLinearAlgebra.dylib
0x0000000000cd9000 	/System/Library/Frameworks/ApplicationServices.framework/Versions/A/Frameworks/ATS.framework/Versions/A/Resources/libFontParser.dylib
0x0000000000cd9000 	/System/Library/Frameworks/ApplicationServices.framework/Versions/A/Frameworks/ATS.framework/Versions/A/Resources/libFontRegistry.dylib
0x0000000000cd9000 	/System/Library/PrivateFrameworks/AppleVPA.framework/Versions/A/AppleVPA
0x0000000000cd9000 	/System/Library/PrivateFrameworks/AppleJPEG.framework/Versions/A/AppleJPEG
0x0000000000cd9000 	/System/Library/Frameworks/ImageIO.framework/Versions/A/Resources/libJPEG.dylib
0x0000000000cd9000 	/System/Library/Frameworks/ImageIO.framework/Versions/A/Resources/libTIFF.dylib
0x0000000000cd9000 	/System/Library/Frameworks/ImageIO.framework/Versions/A/Resources/libPng.dylib
0x0000000000cd9000 	/System/Library/Frameworks/ImageIO.framework/Versions/A/Resources/libGIF.dylib
0x0000000000cd9000 	/System/Library/Frameworks/ImageIO.framework/Versions/A/Resources/libJP2.dylib
0x0000000000cd9000 	/System/Library/Frameworks/ImageIO.framework/Versions/A/Resources/libRadiance.dylib
0x0000000000cd9000 	/System/Library/Frameworks/CoreVideo.framework/Versions/A/CoreVideo
0x0000000000cd9000 	/System/Library/Frameworks/OpenGL.framework/Versions/A/Libraries/libGLU.dylib
0x0000000000cd9000 	/System/Library/Frameworks/OpenGL.framework/Versions/A/Libraries/libGFXShared.dylib
0x0000000000cd9000 	/System/Library/Frameworks/OpenGL.framework/Versions/A/Libraries/libGL.dylib
0x0000000000cd9000 	/System/Library/Frameworks/OpenGL.framework/Versions/A/Libraries/libGLImage.dylib
0x0000000000cd9000 	/System/Library/Frameworks/OpenGL.framework/Versions/A/Libraries/libCVMSPluginSupport.dylib
0x0000000000cd9000 	/System/Library/Frameworks/OpenGL.framework/Versions/A/Libraries/libCoreVMClient.dylib
0x0000000000cd9000 	/usr/lib/libcups.2.dylib
0x0000000000cd9000 	/System/Library/Frameworks/Kerberos.framework/Versions/A/Kerberos
0x0000000000cd9000 	/System/Library/Frameworks/GSS.framework/Versions/A/GSS
0x0000000000cd9000 	/usr/lib/libresolv.9.dylib
0x0000000000cd9000 	/System/Library/PrivateFrameworks/Heimdal.framework/Versions/A/Heimdal
0x0000000000cd9000 	/usr/lib/libheimdal-asn1.dylib
0x0000000000cd9000 	/System/Library/Frameworks/OpenDirectory.framework/Versions/A/OpenDirectory
0x0000000000cd9000 	/System/Library/PrivateFrameworks/CommonAuth.framework/Versions/A/CommonAuth
0x0000000000cd9000 	/System/Library/Frameworks/SecurityFoundation.framework/Versions/A/SecurityFoundation
0x0000000000cd9000 	/System/Library/Frameworks/QuartzCore.framework/Versions/A/Frameworks/CoreImage.framework/Versions/A/CoreImage
0x0000000000cd9000 	/System/Library/PrivateFrameworks/CrashReporterSupport.framework/Versions/A/CrashReporterSupport
0x0000000000cd9000 	/System/Library/Frameworks/OpenCL.framework/Versions/A/OpenCL
0x0000000000cd9000 	/System/Library/PrivateFrameworks/FaceCore.framework/Versions/A/FaceCore
0x0000000000cd9000 	/System/Library/PrivateFrameworks/Ubiquity.framework/Versions/A/Ubiquity
0x0000000000cd9000 	/System/Library/PrivateFrameworks/IconServices.framework/Versions/A/IconServices
0x0000000000cd9000 	/System/Library/PrivateFrameworks/ChunkingLibrary.framework/Versions/A/ChunkingLibrary
0x0000000000cd9000 	/System/Library/PrivateFrameworks/Apple80211.framework/Versions/A/Apple80211
0x0000000000cd9000 	/System/Library/Frameworks/CoreWLAN.framework/Versions/A/CoreWLAN
0x0000000000cd9000 	/System/Library/Frameworks/IOBluetooth.framework/Versions/A/IOBluetooth
0x0000000000cd9000 	/System/Library/PrivateFrameworks/CoreWiFi.framework/Versions/A/CoreWiFi
0x0000000000cd9000 	/System/Library/Frameworks/CoreBluetooth.framework/Versions/A/CoreBluetooth
0x0000000000cd9000 	/System/Library/PrivateFrameworks/DebugSymbols.framework/Versions/A/DebugSymbols
0x0000000000cd9000 	/System/Library/PrivateFrameworks/CoreSymbolication.framework/Versions/A/CoreSymbolication
0x0000000000cd9000 	/System/Library/PrivateFrameworks/Symbolication.framework/Versions/A/Symbolication
0x0000000000cd9000 	/System/Library/PrivateFrameworks/SpeechRecognitionCore.framework/Versions/A/SpeechRecognitionCore
0x0000000102200000 	/Library/Java/JavaVirtualMachines/jdk1.7.0_60.jdk/Contents/Home/jre/lib/server/libjvm.dylib
0x0000000000cd9000 	/usr/lib/libstdc++.6.dylib
0x00000001019c9000 	/Library/Java/JavaVirtualMachines/jdk1.7.0_60.jdk/Contents/Home/jre/lib/libverify.dylib
0x0000000102c5f000 	/Library/Java/JavaVirtualMachines/jdk1.7.0_60.jdk/Contents/Home/jre/lib/libjava.dylib
0x00000001019e0000 	/Library/Java/JavaVirtualMachines/jdk1.7.0_60.jdk/Contents/Home/jre/lib/libzip.dylib
0x000000010c4d4000 	/System/Library/Frameworks/JavaVM.framework/Frameworks/JavaRuntimeSupport.framework/JavaRuntimeSupport
0x00000001019e9000 	/System/Library/Frameworks/JavaVM.framework/Versions/A/Frameworks/JavaNativeFoundation.framework/Versions/A/JavaNativeFoundation
0x000000010c4ec000 	/System/Library/Frameworks/JavaVM.framework/Versions/A/JavaVM
0x0000000000cd9000 	/System/Library/Frameworks/Carbon.framework/Versions/A/Carbon
0x000000010c4f9000 	/System/Library/PrivateFrameworks/JavaLaunching.framework/Versions/A/JavaLaunching
0x0000000000cd9000 	/System/Library/Frameworks/Carbon.framework/Versions/A/Frameworks/CommonPanels.framework/Versions/A/CommonPanels
0x0000000000cd9000 	/System/Library/Frameworks/Carbon.framework/Versions/A/Frameworks/Help.framework/Versions/A/Help
0x0000000000cd9000 	/System/Library/Frameworks/Carbon.framework/Versions/A/Frameworks/ImageCapture.framework/Versions/A/ImageCapture
0x0000000000cd9000 	/System/Library/Frameworks/Carbon.framework/Versions/A/Frameworks/OpenScripting.framework/Versions/A/OpenScripting
0x0000000000cd9000 	/System/Library/Frameworks/Carbon.framework/Versions/A/Frameworks/Print.framework/Versions/A/Print
0x0000000000cd9000 	/System/Library/Frameworks/Carbon.framework/Versions/A/Frameworks/SecurityHI.framework/Versions/A/SecurityHI
0x000000010e375000 	/Library/Java/JavaVirtualMachines/jdk1.7.0_60.jdk/Contents/Home/jre/lib/libnet.dylib
0x000000010e38a000 	/Library/Java/JavaVirtualMachines/jdk1.7.0_60.jdk/Contents/Home/jre/lib/libnio.dylib
0x000000010e3a2000 	/Library/Java/JavaVirtualMachines/jdk1.7.0_60.jdk/Contents/Home/jre/lib/libmanagement.dylib

VM Arguments:
java_command: target/flex-server-1.0-SNAPSHOT.jar server config.yaml
Launcher Type: SUN_STANDARD

Environment Variables:
JAVA_HOME=/Library/Java/JavaVirtualMachines/jdk1.7.0_60.jdk/Contents/Home
PATH=/Users/brendanshort/.gvm/vertx/current/bin:/Users/brendanshort/.gvm/springboot/current/bin:/Users/brendanshort/.gvm/lazybones/current/bin:/Users/brendanshort/.gvm/jbake/current/bin:/Users/brendanshort/.gvm/groovyserv/current/bin:/Users/brendanshort/.gvm/groovy/current/bin:/Users/brendanshort/.gvm/griffon/current/bin:/Users/brendanshort/.gvm/grails/current/bin:/Users/brendanshort/.gvm/gradle/current/bin:/Users/brendanshort/.gvm/glide/current/bin:/Users/brendanshort/.gvm/gaiden/current/bin:/Users/brendanshort/.gvm/crash/current/bin:/Library/PostgreSQL/9.3/bin:/usr/bin:/bin:/usr/sbin:/sbin:/usr/local/bin:/apache-maven-3.2.1/bin:/usr/local/mysql/bin:/mongodb-osx-x86_64-2.6.1/bin:/Library/PostgreSQL/9.3/bin:/Library/elasticsearch-1.3.0/bin:/Library/play-1.2.4
SHELL=/bin/bash

Signal Handlers:
SIGSEGV: [libjvm.dylib+0x52b7b1], sa_mask[0]=0xfffefeff, sa_flags=0x00000043
SIGBUS: [libjvm.dylib+0x52b7b1], sa_mask[0]=0xfffefeff, sa_flags=0x00000042
SIGFPE: [libjvm.dylib+0x41e28a], sa_mask[0]=0xfffefeff, sa_flags=0x00000042
SIGPIPE: [libjvm.dylib+0x41e28a], sa_mask[0]=0xfffefeff, sa_flags=0x00000042
SIGXFSZ: [libjvm.dylib+0x41e28a], sa_mask[0]=0xfffefeff, sa_flags=0x00000042
SIGILL: [libjvm.dylib+0x41e28a], sa_mask[0]=0xfffefeff, sa_flags=0x00000042
SIGUSR1: SIG_DFL, sa_mask[0]=0x63807efb, sa_flags=0x00000000
SIGUSR2: [libjvm.dylib+0x41dd7c], sa_mask[0]=0x00000000, sa_flags=0x00000042
SIGHUP: [libjvm.dylib+0x41c00b], sa_mask[0]=0xfffefeff, sa_flags=0x00000042
SIGINT: [libjvm.dylib+0x41c00b], sa_mask[0]=0xfffefeff, sa_flags=0x00000042
SIGTERM: [libjvm.dylib+0x41c00b], sa_mask[0]=0xfffefeff, sa_flags=0x00000042
SIGQUIT: [libjvm.dylib+0x41c00b], sa_mask[0]=0xfffefeff, sa_flags=0x00000042


---------------  S Y S T E M  ---------------

OS:Bsduname:Darwin 14.0.0 Darwin Kernel Version 14.0.0: Fri Sep 19 00:26:44 PDT 2014; root:xnu-2782.1.97~2/RELEASE_X86_64 x86_64
rlimit: STACK 8192k, CORE 0k, NPROC 709, NOFILE 10240, AS infinity
load average:2.93 2.42 2.23

CPU:total 4 (2 cores per cpu, 2 threads per core) family 6 model 69 stepping 1, cmov, cx8, fxsr, mmx, sse, sse2, sse3, ssse3, sse4.1, sse4.2, popcnt, avx, avx2, aes, erms, ht, tsc, tscinvbit

Memory: 4k page, physical 8388608k(2097152k free)

/proc/meminfo:


vm_info: Java HotSpot(TM) 64-Bit Server VM (24.60-b09) for bsd-amd64 JRE (1.7.0_60-b19), built on May  7 2014 12:52:25 by "java_re" with gcc 4.2.1 (Based on Apple Inc. build 5658) (LLVM build 2336.11.00)

time: Mon Oct 20 20:59:27 2014
elapsed time: 580 seconds

